2023/02/17 17:50:57 [notice] 1#1: using the "epoll" event method
2023/02/17 17:50:57 [notice] 1#1: nginx/1.23.2
2023/02/17 17:50:57 [notice] 1#1: built by gcc 11.2.1 20220219 (Alpine 11.2.1_git20220219) 
2023/02/17 17:50:57 [notice] 1#1: OS: Linux 5.19.0-31-generic
2023/02/17 17:50:57 [notice] 1#1: getrlimit(RLIMIT_NOFILE): 1048576:1048576
2023/02/17 17:50:57 [notice] 1#1: start worker processes
2023/02/17 17:50:57 [notice] 1#1: start worker process 29
2023/02/17 17:50:57 [notice] 1#1: start worker process 30
2023/02/18 20:33:46 [notice] 1#1: signal 3 (SIGQUIT) received, shutting down
2023/02/18 20:33:46 [notice] 30#30: gracefully shutting down
2023/02/18 20:33:46 [notice] 29#29: gracefully shutting down
2023/02/18 20:33:46 [notice] 29#29: exiting
2023/02/18 20:33:46 [notice] 30#30: exiting
2023/02/18 20:33:46 [notice] 30#30: exit
2023/02/18 20:33:46 [notice] 29#29: exit
2023/02/18 20:33:46 [notice] 1#1: signal 17 (SIGCHLD) received from 30
2023/02/18 20:33:46 [notice] 1#1: worker process 30 exited with code 0
2023/02/18 20:33:46 [notice] 1#1: signal 17 (SIGCHLD) received from 29
2023/02/18 20:33:46 [notice] 1#1: worker process 29 exited with code 0
2023/02/18 20:33:46 [notice] 1#1: exit
2023/02/19 13:58:31 [notice] 1#1: using the "epoll" event method
2023/02/19 13:58:31 [notice] 1#1: nginx/1.23.2
2023/02/19 13:58:31 [notice] 1#1: built by gcc 11.2.1 20220219 (Alpine 11.2.1_git20220219) 
2023/02/19 13:58:31 [notice] 1#1: OS: Linux 5.19.0-31-generic
2023/02/19 13:58:31 [notice] 1#1: getrlimit(RLIMIT_NOFILE): 1048576:1048576
2023/02/19 13:58:31 [notice] 1#1: start worker processes
2023/02/19 13:58:31 [notice] 1#1: start worker process 29
2023/02/19 13:58:31 [notice] 1#1: start worker process 30
2023/02/20 19:16:42 [notice] 1#1: signal 3 (SIGQUIT) received, shutting down
2023/02/20 19:16:42 [notice] 29#29: gracefully shutting down
2023/02/20 19:16:42 [notice] 30#30: gracefully shutting down
2023/02/20 19:16:42 [notice] 29#29: exiting
2023/02/20 19:16:42 [notice] 30#30: exiting
2023/02/20 19:16:42 [notice] 29#29: exit
2023/02/20 19:16:42 [notice] 30#30: exit
2023/02/20 19:16:42 [notice] 1#1: signal 17 (SIGCHLD) received from 29
2023/02/20 19:16:42 [notice] 1#1: worker process 29 exited with code 0
2023/02/20 19:16:42 [notice] 1#1: worker process 30 exited with code 0
2023/02/20 19:16:42 [notice] 1#1: exit
2023/02/21 08:09:39 [notice] 1#1: using the "epoll" event method
2023/02/21 08:09:39 [notice] 1#1: nginx/1.23.2
2023/02/21 08:09:39 [notice] 1#1: built by gcc 11.2.1 20220219 (Alpine 11.2.1_git20220219) 
2023/02/21 08:09:39 [notice] 1#1: OS: Linux 5.19.0-31-generic
2023/02/21 08:09:39 [notice] 1#1: getrlimit(RLIMIT_NOFILE): 1048576:1048576
2023/02/21 08:09:39 [notice] 1#1: start worker processes
2023/02/21 08:09:39 [notice] 1#1: start worker process 29
2023/02/21 08:09:39 [notice] 1#1: start worker process 30
2023/02/22 08:02:38 [notice] 1#1: using the "epoll" event method
2023/02/22 08:02:38 [notice] 1#1: nginx/1.23.2
2023/02/22 08:02:38 [notice] 1#1: built by gcc 11.2.1 20220219 (Alpine 11.2.1_git20220219) 
2023/02/22 08:02:38 [notice] 1#1: OS: Linux 5.19.0-31-generic
2023/02/22 08:02:38 [notice] 1#1: getrlimit(RLIMIT_NOFILE): 1048576:1048576
2023/02/22 08:02:38 [notice] 1#1: start worker processes
2023/02/22 08:02:38 [notice] 1#1: start worker process 29
2023/02/22 08:02:38 [notice] 1#1: start worker process 30
2023/02/22 08:03:37 [error] 30#30: *1 connect() failed (111: Connection refused) while connecting to upstream, client: 10.10.0.1, server: _, request: "GET / HTTP/1.1", upstream: "fastcgi://10.10.0.3:9000", host: "localhost"
2023/02/22 08:03:48 [error] 30#30: *1 connect() failed (111: Connection refused) while connecting to upstream, client: 10.10.0.1, server: _, request: "GET /adminer.php?pgsql=10.9.0.7&username=postgres&db=todo&ns=public&select=users HTTP/1.1", upstream: "fastcgi://10.10.0.3:9000", host: "localhost", referrer: "http://localhost/adminer.php?pgsql=10.9.0.7&username=postgres&db=todo&ns=public&edit=users&where%5Bid%5D=3"
2023/02/22 08:10:01 [notice] 1#1: signal 3 (SIGQUIT) received, shutting down
2023/02/22 08:10:01 [notice] 29#29: gracefully shutting down
2023/02/22 08:10:01 [notice] 29#29: exiting
2023/02/22 08:10:01 [notice] 29#29: exit
2023/02/22 08:10:01 [notice] 30#30: gracefully shutting down
2023/02/22 08:10:01 [notice] 30#30: exiting
2023/02/22 08:10:01 [notice] 30#30: exit
2023/02/22 08:10:01 [notice] 1#1: signal 17 (SIGCHLD) received from 30
2023/02/22 08:10:01 [notice] 1#1: worker process 30 exited with code 0
2023/02/22 08:10:01 [notice] 1#1: signal 29 (SIGIO) received
2023/02/22 08:10:01 [notice] 1#1: signal 17 (SIGCHLD) received from 29
2023/02/22 08:10:01 [notice] 1#1: worker process 29 exited with code 0
2023/02/22 08:10:01 [notice] 1#1: exit
2023/02/22 08:12:15 [notice] 1#1: using the "epoll" event method
2023/02/22 08:12:15 [notice] 1#1: nginx/1.23.2
2023/02/22 08:12:15 [notice] 1#1: built by gcc 11.2.1 20220219 (Alpine 11.2.1_git20220219) 
2023/02/22 08:12:15 [notice] 1#1: OS: Linux 5.19.0-31-generic
2023/02/22 08:12:15 [notice] 1#1: getrlimit(RLIMIT_NOFILE): 1048576:1048576
2023/02/22 08:12:15 [notice] 1#1: start worker processes
2023/02/22 08:12:15 [notice] 1#1: start worker process 29
2023/02/22 08:12:15 [notice] 1#1: start worker process 30
